<?xml version="1.0" encoding="UTF-8"?>
<!-- Generated by org.testng.reporters.JUnitReportReporter -->
<testsuite hostname="Hp-PC" failures="0" tests="2" name="main_testing.RegistrationPageTest" time="575.362" errors="0" timestamp="2020-04-02T23:24:36 CEST" skipped="0">
  <testcase classname="main_testing.RegistrationPageTest" name="registrationForm" time="33.667"/>
  <system-out/>
  <testcase classname="main_testing.RegistrationPageTest" name="registrationForm30" time="541.695"/>
  <system-out/>
</testsuite> <!-- main_testing.RegistrationPageTest -->
