<?xml version="1.0" encoding="UTF-8"?>
<!-- Generated by org.testng.reporters.JUnitReportReporter -->
<testsuite hostname="Hp-PC" failures="0" tests="3" name="main_testing.HomePageTest" time="31.133" errors="0" timestamp="2020-04-02T23:24:36 CEST" skipped="0">
  <testcase classname="main_testing.HomePageTest" name="women_SummerDressesTest" time="7.373"/>
  <system-out/>
  <testcase classname="main_testing.HomePageTest" name="samePage" time="12.368"/>
  <system-out/>
  <testcase classname="main_testing.HomePageTest" name="dresses_SummerDressesTest" time="11.392"/>
  <system-out/>
</testsuite> <!-- main_testing.HomePageTest -->
