<?xml version="1.0" encoding="UTF-8"?>
<!-- Generated by org.testng.reporters.JUnitReportReporter -->
<testsuite hostname="Hp-PC" failures="0" tests="1" name="main_testing.SignInTest" time="259.026" errors="0" timestamp="2020-04-02T23:24:36 CEST" skipped="0">
  <testcase classname="main_testing.SignInTest" name="singInTest" time="259.026"/>
  <system-out/>
</testsuite> <!-- main_testing.SignInTest -->
